{
  "stats": {
    "suites": 1,
    "tests": 8,
    "passes": 8,
    "pending": 0,
    "failures": 0,
    "start": "2025-03-12T11:42:28.980Z",
    "end": "2025-03-12T11:42:29.468Z",
    "duration": 488,
    "testsRegistered": 8,
    "passPercent": 100,
    "pendingPercent": 0,
    "other": 0,
    "hasOther": false,
    "skipped": 0,
    "hasSkipped": false
  },
  "results": [
    {
      "uuid": "421099d7-4856-4756-b69a-3a115c0eaf3a",
      "title": "",
      "fullFile": "cypress\\component\\authentication\\LoginForm.cy.js",
      "file": "cypress\\component\\authentication\\LoginForm.cy.js",
      "beforeHooks": [],
      "afterHooks": [],
      "tests": [],
      "suites": [
        {
          "uuid": "a7fa52a6-24ab-47b0-b000-f7aa4b917586",
          "title": "LoginForm",
          "fullFile": "",
          "file": "",
          "beforeHooks": [],
          "afterHooks": [],
          "tests": [
            {
              "title": "should display a 'You need to login to continue.' text",
              "fullTitle": "LoginForm should display a 'You need to login to continue.' text",
              "timedOut": null,
              "duration": 118,
              "state": "passed",
              "speed": "fast",
              "pass": true,
              "fail": false,
              "pending": false,
              "context": null,
              "code": "cy.getBySel(\"login-alert\").should(\"be.visible\").and(\"contain.text\", \"You need to login to continue.\");",
              "err": {},
              "uuid": "88833a5b-26b3-4383-aa3f-1ff6f19d40b4",
              "parentUUID": "a7fa52a6-24ab-47b0-b000-f7aa4b917586",
              "isHook": false,
              "skipped": false
            },
            {
              "title": "should display an email input",
              "fullTitle": "LoginForm should display an email input",
              "timedOut": null,
              "duration": 43,
              "state": "passed",
              "speed": "fast",
              "pass": true,
              "fail": false,
              "pending": false,
              "context": null,
              "code": "cy.getBySel(\"email\").should(\"be.visible\").and(\"have.attr\", \"placeholder\").and(\"contain\", \"Email\");",
              "err": {},
              "uuid": "e52933f6-c8b3-4761-b7fb-71e735a9b38b",
              "parentUUID": "a7fa52a6-24ab-47b0-b000-f7aa4b917586",
              "isHook": false,
              "skipped": false
            },
            {
              "title": "should display an password input",
              "fullTitle": "LoginForm should display an password input",
              "timedOut": null,
              "duration": 44,
              "state": "passed",
              "speed": "fast",
              "pass": true,
              "fail": false,
              "pending": false,
              "context": null,
              "code": "cy.getBySel(\"password\").should(\"be.visible\").and(\"have.attr\", \"placeholder\").and(\"contain\", \"Password\");",
              "err": {},
              "uuid": "6591d432-9cd4-4377-8bd6-20e07e85ad16",
              "parentUUID": "a7fa52a6-24ab-47b0-b000-f7aa4b917586",
              "isHook": false,
              "skipped": false
            },
            {
              "title": "should display a 'Remember Me' button",
              "fullTitle": "LoginForm should display a 'Remember Me' button",
              "timedOut": null,
              "duration": 49,
              "state": "passed",
              "speed": "fast",
              "pass": true,
              "fail": false,
              "pending": false,
              "context": null,
              "code": "cy.getBySel(\"remember-me-button\").should(\"be.visible\");\ncy.getBySel(\"remember-me\").should(\"be.visible\");",
              "err": {},
              "uuid": "8090c2c1-23d9-4157-b9ea-93ebfc5916cb",
              "parentUUID": "a7fa52a6-24ab-47b0-b000-f7aa4b917586",
              "isHook": false,
              "skipped": false
            },
            {
              "title": "should display a 'LOGIN' button",
              "fullTitle": "LoginForm should display a 'LOGIN' button",
              "timedOut": null,
              "duration": 36,
              "state": "passed",
              "speed": "fast",
              "pass": true,
              "fail": false,
              "pending": false,
              "context": null,
              "code": "cy.getBySel(\"login-button\").should(\"be.visible\");",
              "err": {},
              "uuid": "3ed28685-72ba-4247-8de9-75fce82719a9",
              "parentUUID": "a7fa52a6-24ab-47b0-b000-f7aa4b917586",
              "isHook": false,
              "skipped": false
            },
            {
              "title": "should display a 'CREATE ACCOUNT' button",
              "fullTitle": "LoginForm should display a 'CREATE ACCOUNT' button",
              "timedOut": null,
              "duration": 37,
              "state": "passed",
              "speed": "fast",
              "pass": true,
              "fail": false,
              "pending": false,
              "context": null,
              "code": "cy.getBySel(\"register-button\").should(\"be.visible\");",
              "err": {},
              "uuid": "25a3e62c-510f-4854-be83-195582c67029",
              "parentUUID": "a7fa52a6-24ab-47b0-b000-f7aa4b917586",
              "isHook": false,
              "skipped": false
            },
            {
              "title": "should have focus set on then email field",
              "fullTitle": "LoginForm should have focus set on then email field",
              "timedOut": null,
              "duration": 45,
              "state": "passed",
              "speed": "fast",
              "pass": true,
              "fail": false,
              "pending": false,
              "context": null,
              "code": "cy.getBySel(\"email\").should(\"have.focus\");",
              "err": {},
              "uuid": "9076b45c-f989-44f2-954c-3a61cb6a7cef",
              "parentUUID": "a7fa52a6-24ab-47b0-b000-f7aa4b917586",
              "isHook": false,
              "skipped": false
            },
            {
              "title": "should display a password input field of type password",
              "fullTitle": "LoginForm should display a password input field of type password",
              "timedOut": null,
              "duration": 36,
              "state": "passed",
              "speed": "fast",
              "pass": true,
              "fail": false,
              "pending": false,
              "context": null,
              "code": "cy.getBySel(\"password\").should(\"be.visible\");",
              "err": {},
              "uuid": "324966f9-05b2-4bbb-a798-baefc366d153",
              "parentUUID": "a7fa52a6-24ab-47b0-b000-f7aa4b917586",
              "isHook": false,
              "skipped": false
            }
          ],
          "suites": [],
          "passes": [
            "88833a5b-26b3-4383-aa3f-1ff6f19d40b4",
            "e52933f6-c8b3-4761-b7fb-71e735a9b38b",
            "6591d432-9cd4-4377-8bd6-20e07e85ad16",
            "8090c2c1-23d9-4157-b9ea-93ebfc5916cb",
            "3ed28685-72ba-4247-8de9-75fce82719a9",
            "25a3e62c-510f-4854-be83-195582c67029",
            "9076b45c-f989-44f2-954c-3a61cb6a7cef",
            "324966f9-05b2-4bbb-a798-baefc366d153"
          ],
          "failures": [],
          "pending": [],
          "skipped": [],
          "duration": 408,
          "root": false,
          "rootEmpty": false,
          "_timeout": 2000
        }
      ],
      "passes": [],
      "failures": [],
      "pending": [],
      "skipped": [],
      "duration": 0,
      "root": true,
      "rootEmpty": true,
      "_timeout": 2000
    }
  ],
  "meta": {
    "mocha": {
      "version": "7.0.1"
    },
    "mochawesome": {
      "options": {
        "quiet": false,
        "reportFilename": "mochawesome",
        "saveHtml": false,
        "saveJson": true,
        "consoleReporter": "spec",
        "useInlineDiffs": false,
        "code": true
      },
      "version": "7.1.3"
    },
    "marge": {
      "options": {
        "charts": true,
        "reportPageTitle": "Productivity App - Test Report",
        "embeddedScreenshots": true,
        "inlineAssets": true,
        "saveAllAttempts": false,
        "overwrite": false,
        "html": false,
        "json": true,
        "reportDir": "cypress\\reports\\html\\.jsons"
      },
      "version": "6.2.0"
    }
  }
}