{
  "stats": {
    "suites": 1,
    "tests": 1,
    "passes": 1,
    "pending": 0,
    "failures": 0,
    "start": "2025-03-12T11:42:32.101Z",
    "end": "2025-03-12T11:42:32.270Z",
    "duration": 169,
    "testsRegistered": 1,
    "passPercent": 100,
    "pendingPercent": 0,
    "other": 0,
    "hasOther": false,
    "skipped": 0,
    "hasSkipped": false
  },
  "results": [
    {
      "uuid": "07092c38-365e-42b3-9251-676d1e550274",
      "title": "",
      "fullFile": "cypress\\component\\authentication\\LoginPage.cy.js",
      "file": "cypress\\component\\authentication\\LoginPage.cy.js",
      "beforeHooks": [],
      "afterHooks": [],
      "tests": [],
      "suites": [
        {
          "uuid": "24a16198-faeb-4146-8031-7099938fcef0",
          "title": "LoginPage",
          "fullFile": "",
          "file": "",
          "beforeHooks": [],
          "afterHooks": [],
          "tests": [
            {
              "title": "should display the login form",
              "fullTitle": "LoginPage should display the login form",
              "timedOut": null,
              "duration": 136,
              "state": "passed",
              "speed": "medium",
              "pass": true,
              "fail": false,
              "pending": false,
              "context": null,
              "code": "cy.getBySel(\"login-form\").should(\"be.visible\");",
              "err": {},
              "uuid": "6a91d211-3a19-48ee-bd91-32e528a2a9c3",
              "parentUUID": "24a16198-faeb-4146-8031-7099938fcef0",
              "isHook": false,
              "skipped": false
            }
          ],
          "suites": [],
          "passes": [
            "6a91d211-3a19-48ee-bd91-32e528a2a9c3"
          ],
          "failures": [],
          "pending": [],
          "skipped": [],
          "duration": 136,
          "root": false,
          "rootEmpty": false,
          "_timeout": 2000
        }
      ],
      "passes": [],
      "failures": [],
      "pending": [],
      "skipped": [],
      "duration": 0,
      "root": true,
      "rootEmpty": true,
      "_timeout": 2000
    }
  ],
  "meta": {
    "mocha": {
      "version": "7.0.1"
    },
    "mochawesome": {
      "options": {
        "quiet": false,
        "reportFilename": "mochawesome",
        "saveHtml": false,
        "saveJson": true,
        "consoleReporter": "spec",
        "useInlineDiffs": false,
        "code": true
      },
      "version": "7.1.3"
    },
    "marge": {
      "options": {
        "charts": true,
        "reportPageTitle": "Productivity App - Test Report",
        "embeddedScreenshots": true,
        "inlineAssets": true,
        "saveAllAttempts": false,
        "overwrite": false,
        "html": false,
        "json": true,
        "reportDir": "cypress\\reports\\html\\.jsons"
      },
      "version": "6.2.0"
    }
  }
}